<?xml version="1.0" encoding="UTF-8"?>
<testng-results ignored="0" total="1" passed="1" failed="0" skipped="0">
  <reporter-output>
  </reporter-output>
  <suite started-at="2021-06-29T20:04:37 PDT" name="Default suite" finished-at="2021-06-29T20:05:11 PDT" duration-ms="33537">
    <groups>
      <group name="cucumber">
        <method signature="AbstractTestNGCucumberTests.feature(cucumber.api.testng.CucumberFeatureWrapper)[pri:0, instance:TeesstRunner.TestttRunnerr@49dc7102]" name="feature" class="cucumber.api.testng.AbstractTestNGCucumberTests"/>
      </group> <!-- cucumber -->
    </groups>
    <test started-at="2021-06-29T20:04:37 PDT" name="Default test" finished-at="2021-06-29T20:05:11 PDT" duration-ms="33537">
      <class name="TeesstRunner.TestttRunnerr">
        <test-method is-config="true" signature="setUpClass()[pri:0, instance:TeesstRunner.TestttRunnerr@49dc7102]" started-at="2021-06-29T20:04:37 PDT" name="setUpClass" finished-at="2021-06-29T20:04:38 PDT" duration-ms="327" status="PASS">
          <reporter-output>
          </reporter-output>
        </test-method> <!-- setUpClass -->
        <test-method signature="feature(cucumber.api.testng.CucumberFeatureWrapper)[pri:0, instance:TeesstRunner.TestttRunnerr@49dc7102]" started-at="2021-06-29T20:04:38 PDT" name="feature" description="Runs Cucumber Feature" data-provider="features" finished-at="2021-06-29T20:05:11 PDT" duration-ms="33003" status="PASS">
          <params>
            <param index="0">
              <value>
                <![CDATA[Check Amazon product search functionality]]>
              </value>
            </param>
          </params>
          <reporter-output>
          </reporter-output>
        </test-method> <!-- feature -->
        <test-method is-config="true" signature="tearDownClass()[pri:0, instance:TeesstRunner.TestttRunnerr@49dc7102]" started-at="2021-06-29T20:05:11 PDT" name="tearDownClass" finished-at="2021-06-29T20:05:11 PDT" duration-ms="30" status="PASS">
          <reporter-output>
          </reporter-output>
        </test-method> <!-- tearDownClass -->
      </class> <!-- TeesstRunner.TestttRunnerr -->
    </test> <!-- Default test -->
  </suite> <!-- Default suite -->
</testng-results>
